<?xml version="1.0" encoding="UTF-8"?>
<!-- Generated by org.testng.reporters.JUnitXMLReporter -->
<testsuite ignored="6" hostname="Ashishs-MacBook-Air.local" failures="0" tests="4" name="Surefire test" time="5.168" errors="0" timestamp="2025-01-08T14:49:19 IST">
  <testcase classname="RegressionTest.ValidateLoginFunctionalityFromHomePageTest" name="verifyLoginFunctionality_SignInFromHomePage" time="1.735"/>
  <testcase classname="RegressionTest.ValidateLoginFunctionalityFromLoginPageTest" name="verifyLoginFunctionality_SignInFromLoginPage" time="0.598"/>
  <testcase classname="SmokeTest.ValidateHeaderElementOfGithubHomepageTest" name="verifyThatAllHeaderElementArePresentOnHomePage" time="0.57"/>
  <testcase classname="SmokeTest.ValidateSignInWithIdentityProviderTest" name="verifyThatUserIsAbleToSignInWithIdentityProvider_WhenUserUsesUnderscoreInUserNameField" time="0.106"/>
  <testcase classname="WebDriverManager.driverManager" name="@BeforeTest testInit" time="0.0">
    <ignored/>
  </testcase> <!-- @BeforeTest testInit -->
  <testcase classname="WebDriverManager.driverManager" name="@AfterTest testTearDown" time="0.0">
    <ignored/>
  </testcase> <!-- @AfterTest testTearDown -->
  <testcase classname="WebDriverManager.driverManager" name="@AfterTest testTearDown" time="0.0">
    <ignored/>
  </testcase> <!-- @AfterTest testTearDown -->
  <testcase classname="WebDriverManager.driverManager" name="@AfterTest testTearDown" time="0.0">
    <ignored/>
  </testcase> <!-- @AfterTest testTearDown -->
  <testcase classname="WebDriverManager.driverManager" name="@BeforeTest testInit" time="0.0">
    <ignored/>
  </testcase> <!-- @BeforeTest testInit -->
  <testcase classname="WebDriverManager.driverManager" name="@BeforeTest testInit" time="0.0">
    <ignored/>
  </testcase> <!-- @BeforeTest testInit -->
</testsuite> <!-- Surefire test -->
