<?xml version="1.0" encoding="UTF-8"?>
<testsuite xmlns:xsi="http://www.w3.org/2001/XMLSchema-instance" xsi:noNamespaceSchemaLocation="https://maven.apache.org/surefire/maven-surefire-plugin/xsd/surefire-test-report-3.0.xsd" version="3.0" name="TestSuite" time="5.542" tests="4" errors="0" skipped="0" failures="0">
  <properties>
[...]
</properties>
  <testcase name="verifyLoginFunctionality_SignInFromHomePage" classname="RegressionTest.ValidateLoginFunctionalityFromHomePageTest" time="1.768">
    <system-err><![CDATA[SLF4J: Failed to load class "org.slf4j.impl.StaticLoggerBinder".
SLF4J: Defaulting to no-operation (NOP) logger implementation
SLF4J: See http://www.slf4j.org/codes.html#StaticLoggerBinder for further details.
]]></system-err>
  </testcase>
  <testcase name="verifyLoginFunctionality_SignInFromLoginPage" classname="RegressionTest.ValidateLoginFunctionalityFromLoginPageTest" time="0.599"/>
  <testcase name="verifyThatAllHeaderElementArePresentOnHomePage" classname="SmokeTest.ValidateHeaderElementOfGithubHomepageTest" time="0.57"/>
  <testcase name="verifyThatUserIsAbleToSignInWithIdentityProvider_WhenUserUsesUnderscoreInUserNameField" classname="SmokeTest.ValidateSignInWithIdentityProviderTest" time="0.107"/>
</testsuite>