<?xml version="1.0" encoding="UTF-8"?>
<testng-results ignored="0" total="4" passed="4" failed="0" skipped="0">
  <reporter-output>
  </reporter-output>
  <suite started-at="2025-01-08T14:49:14 IST" name="Surefire suite" finished-at="2025-01-08T14:49:19 IST" duration-ms="5168">
    <groups>
    </groups>
    <test started-at="2025-01-08T14:49:14 IST" name="Surefire test" finished-at="2025-01-08T14:49:19 IST" duration-ms="5168">
      <class name="RegressionTest.ValidateLoginFunctionalityFromLoginPageTest">
        <test-method signature="verifyLoginFunctionality_SignInFromLoginPage()[pri:0, instance:RegressionTest.ValidateLoginFunctionalityFromLoginPageTest@6d3a388c]" started-at="2025-01-08T14:49:18 IST" name="verifyLoginFunctionality_SignInFromLoginPage" finished-at="2025-01-08T14:49:18 IST" duration-ms="598" status="PASS">
          <reporter-output>
          </reporter-output>
        </test-method> <!-- verifyLoginFunctionality_SignInFromLoginPage -->
      </class> <!-- RegressionTest.ValidateLoginFunctionalityFromLoginPageTest -->
      <class name="SmokeTest.ValidateSignInWithIdentityProviderTest">
        <test-method signature="verifyThatUserIsAbleToSignInWithIdentityProvider_WhenUserUsesUnderscoreInUserNameField()[pri:0, instance:SmokeTest.ValidateSignInWithIdentityProviderTest@20f5239f]" started-at="2025-01-08T14:49:19 IST" name="verifyThatUserIsAbleToSignInWithIdentityProvider_WhenUserUsesUnderscoreInUserNameField" finished-at="2025-01-08T14:49:19 IST" duration-ms="106" status="PASS">
          <reporter-output>
          </reporter-output>
        </test-method> <!-- verifyThatUserIsAbleToSignInWithIdentityProvider_WhenUserUsesUnderscoreInUserNameField -->
      </class> <!-- SmokeTest.ValidateSignInWithIdentityProviderTest -->
      <class name="RegressionTest.ValidateLoginFunctionalityFromHomePageTest">
        <test-method is-config="true" signature="testInit()[pri:0, instance:RegressionTest.ValidateLoginFunctionalityFromHomePageTest@247d8ae]" started-at="2025-01-08T14:49:14 IST" name="testInit" finished-at="2025-01-08T14:49:16 IST" duration-ms="1956" status="PASS">
          <reporter-output>
          </reporter-output>
        </test-method> <!-- testInit -->
        <test-method signature="verifyLoginFunctionality_SignInFromHomePage()[pri:0, instance:RegressionTest.ValidateLoginFunctionalityFromHomePageTest@247d8ae]" started-at="2025-01-08T14:49:16 IST" name="verifyLoginFunctionality_SignInFromHomePage" finished-at="2025-01-08T14:49:18 IST" duration-ms="1735" status="PASS">
          <reporter-output>
          </reporter-output>
        </test-method> <!-- verifyLoginFunctionality_SignInFromHomePage -->
        <test-method is-config="true" signature="testTearDown()[pri:0, instance:RegressionTest.ValidateLoginFunctionalityFromHomePageTest@247d8ae]" started-at="2025-01-08T14:49:19 IST" name="testTearDown" finished-at="2025-01-08T14:49:19 IST" duration-ms="143" status="PASS">
          <reporter-output>
          </reporter-output>
        </test-method> <!-- testTearDown -->
      </class> <!-- RegressionTest.ValidateLoginFunctionalityFromHomePageTest -->
      <class name="SmokeTest.ValidateHeaderElementOfGithubHomepageTest">
        <test-method signature="verifyThatAllHeaderElementArePresentOnHomePage()[pri:0, instance:SmokeTest.ValidateHeaderElementOfGithubHomepageTest@193f604a]" started-at="2025-01-08T14:49:18 IST" name="verifyThatAllHeaderElementArePresentOnHomePage" finished-at="2025-01-08T14:49:19 IST" duration-ms="570" status="PASS">
          <reporter-output>
          </reporter-output>
        </test-method> <!-- verifyThatAllHeaderElementArePresentOnHomePage -->
      </class> <!-- SmokeTest.ValidateHeaderElementOfGithubHomepageTest -->
    </test> <!-- Surefire test -->
  </suite> <!-- Surefire suite -->
</testng-results>
