<?xml version="1.0" encoding="UTF-8"?>
<!-- Generated by org.testng.reporters.JUnitReportReporter -->
<testsuite hostname="Ashishs-MacBook-Air.local" failures="0" tests="1" name="RegressionTest.ValidateLoginFunctionalityFromHomePageTest" time="1.735" errors="0" timestamp="2025-01-08T14:49:19 IST" skipped="0">
  <testcase classname="RegressionTest.ValidateLoginFunctionalityFromHomePageTest" name="verifyLoginFunctionality_SignInFromHomePage" time="1.735"/>
</testsuite> <!-- RegressionTest.ValidateLoginFunctionalityFromHomePageTest -->
