<?xml version="1.0" encoding="UTF-8"?>
<!-- Generated by org.testng.reporters.JUnitReportReporter -->
<testsuite hostname="Ashishs-MacBook-Air.local" failures="0" tests="1" name="RegressionTest.ValidateLoginFunctionalityFromLoginPageTest" time="0.598" errors="0" timestamp="2025-01-08T14:49:19 IST" skipped="0">
  <testcase classname="RegressionTest.ValidateLoginFunctionalityFromLoginPageTest" name="verifyLoginFunctionality_SignInFromLoginPage" time="0.598"/>
</testsuite> <!-- RegressionTest.ValidateLoginFunctionalityFromLoginPageTest -->
